
2024/04/12 15:47:55 path: / 

2024/04/12 15:47:55 path: /favicon.ico 

2024/04/12 16:07:00 path: / 

2024/04/12 16:07:01 path: /favicon.ico 

2024/04/12 16:07:03 path: /users/logout 

2024/04/12 16:07:03 path: / 

2024/04/12 16:07:32 path: / 

2024/04/13 06:30:25 path: / 

2024/04/13 06:30:25 path: /favicon.ico 

2024/04/13 06:30:33 path: /login 

2024/04/13 06:30:48 path: /users/login 

2024/04/13 06:30:48 path: /users/app 

2024/04/13 06:30:48 path: /dist/index.js 

2024/04/13 06:30:48 path: /_snowpack/env.js 

2024/04/13 06:30:48 path: /_snowpack/pkg/react.js 

2024/04/13 06:30:48 path: /_snowpack/pkg/react-dom.js 

2024/04/13 06:30:48 path: /_snowpack/pkg/react-router-dom.js 

2024/04/13 06:30:48 path: /_snowpack/pkg/@tanstack/react-query.js 

2024/04/13 06:30:48 path: /_snowpack/pkg/@tanstack/react-query-devtools.js 

2024/04/13 06:30:48 path: /dist/components/contexts/selected-data-context.js 

2024/04/13 06:30:48 path: /dist/components/contexts/review-context.js 

2024/04/13 06:30:48 path: /dist/components/contexts/category-context.js 

2024/04/13 06:30:48 path: /dist/components/contexts/user-context.js 

2024/04/13 06:30:48 path: /dist/App_navlink.js 

2024/04/13 06:30:48 path: /_snowpack/pkg/common/index-f9ec1e2c.js 

2024/04/13 06:30:48 path: /dist/components/review/review-category.js 

2024/04/13 06:30:48 path: /dist/components/category/create-cat-form.js 

2024/04/13 06:30:48 path: /dist/components/show-review.js 

2024/04/13 06:30:48 path: /dist/scss/App.css.proxy.js 

2024/04/13 06:30:48 path: /dist/utils/get-reviews.js 

2024/04/13 06:30:48 path: /dist/components/header.js 

2024/04/13 06:30:48 path: /dist/components/review/select.js 

2024/04/13 06:30:48 path: /dist/components/contexts/current-categories-context.js 

2024/04/13 06:30:48 path: /dist/components/review/review-form.js 

2024/04/13 06:30:48 path: /_snowpack/pkg/react-error-boundary.js 

2024/04/13 06:30:48 path: /dist/utils/future-self-api.js 

2024/04/13 06:30:48 path: /dist/utils/error-fallback.js 

2024/04/13 06:30:48 path: /dist/components/category/cat-form.js 

2024/04/13 06:30:48 path: /_snowpack/pkg/react-hook-form.js 

2024/04/13 06:30:48 path: /dist/components/review/option.js 

2024/04/13 06:30:48 path: /_snowpack/pkg/axios.js 

2024/04/13 06:30:48 path: /dist/utils/cat-obj.js 

2024/04/13 06:30:48 path: /dist/components/review/check-list.js 

2024/04/13 06:30:48 path: /dist/components/review/star_rating_rhf.js 

2024/04/13 06:30:48 path: /dist/components/review/checkbox_rhf.js 

2024/04/13 06:30:48 path: /_snowpack/pkg/react-icons/fa.js 

2024/04/13 06:30:48 path: /api/category-api/11d6af03-20ac-4f04-a21c-28ec418a2c18 

2024/04/13 06:30:48 path: /api/review-api/11d6af03-20ac-4f04-a21c-28ec418a2c18 

2024/04/13 06:58:51 path: / 

2024/04/13 06:58:54 path: /login 

2024/04/13 06:59:03 path: /users/login 

2024/04/13 06:59:03 path: /users/app 

2024/04/13 06:59:03 path: /dist/index.js 

2024/04/13 06:59:03 path: /_snowpack/env.js 

2024/04/13 06:59:03 path: /_snowpack/pkg/react.js 

2024/04/13 06:59:03 path: /_snowpack/pkg/react-dom.js 

2024/04/13 06:59:03 path: /_snowpack/pkg/react-router-dom.js 

2024/04/13 06:59:03 path: /_snowpack/pkg/@tanstack/react-query.js 

2024/04/13 06:59:03 path: /_snowpack/pkg/@tanstack/react-query-devtools.js 

2024/04/13 06:59:03 path: /dist/components/contexts/selected-data-context.js 

2024/04/13 06:59:04 path: /dist/components/contexts/review-context.js 

2024/04/13 06:59:04 path: /dist/components/contexts/category-context.js 

2024/04/13 06:59:04 path: /dist/components/contexts/user-context.js 

2024/04/13 06:59:04 path: /dist/App_navlink.js 

2024/04/13 06:59:04 path: /_snowpack/pkg/common/index-f9ec1e2c.js 

2024/04/13 06:59:04 path: /dist/utils/get-reviews.js 

2024/04/13 06:59:04 path: /dist/components/category/create-cat-form.js 

2024/04/13 06:59:04 path: /dist/components/review/review-category.js 

2024/04/13 06:59:04 path: /dist/components/show-review.js 

2024/04/13 06:59:04 path: /dist/scss/App.css.proxy.js 

2024/04/13 06:59:04 path: /dist/utils/future-self-api.js 

2024/04/13 06:59:04 path: /dist/components/header.js 

2024/04/13 06:59:04 path: /dist/components/review/select.js 

2024/04/13 06:59:04 path: /dist/components/review/review-form.js 

2024/04/13 06:59:04 path: /dist/components/contexts/current-categories-context.js 

2024/04/13 06:59:04 path: /_snowpack/pkg/react-hook-form.js 

2024/04/13 06:59:04 path: /_snowpack/pkg/react-error-boundary.js 

2024/04/13 06:59:04 path: /dist/utils/error-fallback.js 

2024/04/13 06:59:04 path: /dist/components/category/cat-form.js 

2024/04/13 06:59:04 path: /_snowpack/pkg/axios.js 

2024/04/13 06:59:04 path: /dist/components/review/star_rating_rhf.js 

2024/04/13 06:59:04 path: /dist/components/review/check-list.js 

2024/04/13 06:59:04 path: /dist/components/review/option.js 

2024/04/13 06:59:04 path: /dist/utils/cat-obj.js 

2024/04/13 06:59:04 path: /_snowpack/pkg/react-icons/fa.js 

2024/04/13 06:59:04 path: /dist/components/review/checkbox_rhf.js 

2024/04/13 06:59:04 path: /api/category-api/11d6af03-20ac-4f04-a21c-28ec418a2c18 

2024/04/13 06:59:04 path: /api/review-api/11d6af03-20ac-4f04-a21c-28ec418a2c18 

2024/04/15 07:31:05 path: / 

2024/04/15 07:32:58 path: / 

2024/04/15 07:38:36 path: / 

2024/04/15 07:53:13 path: / 

2024/04/15 07:53:13 path: /favicon.ico 

2024/04/15 07:53:20 path: /login 

2024/04/15 07:53:33 path: /users/login 

2024/04/15 07:53:33 path: /users/app 

2024/04/15 07:53:33 path: /dist/index.js 

2024/04/15 07:53:33 path: /_snowpack/env.js 

2024/04/15 07:53:33 path: /_snowpack/pkg/react.js 

2024/04/15 07:53:33 path: /_snowpack/pkg/react-dom.js 

2024/04/15 07:53:33 path: /_snowpack/pkg/react-router-dom.js 

2024/04/15 07:53:33 path: /_snowpack/pkg/@tanstack/react-query.js 

2024/04/15 07:53:33 path: /_snowpack/pkg/@tanstack/react-query-devtools.js 

2024/04/15 07:53:33 path: /dist/components/contexts/selected-data-context.js 

2024/04/15 07:53:33 path: /dist/components/contexts/review-context.js 

2024/04/15 07:53:33 path: /dist/components/contexts/category-context.js 

2024/04/15 07:53:33 path: /dist/components/contexts/user-context.js 

2024/04/15 07:53:33 path: /dist/App_navlink.js 

2024/04/15 07:58:08 path: / 

2024/04/15 07:58:13 path: /login 

2024/04/15 07:58:30 path: /users/login 

2024/04/15 07:58:30 path: /users/app 

2024/04/15 07:58:30 path: /dist/index.js 

2024/04/15 07:58:30 path: /_snowpack/env.js 

2024/04/15 07:58:30 path: /_snowpack/pkg/react.js 

2024/04/15 07:58:30 path: /_snowpack/pkg/react-dom.js 

2024/04/15 07:58:30 path: /_snowpack/pkg/react-router-dom.js 

2024/04/15 07:58:30 path: /_snowpack/pkg/@tanstack/react-query.js 

2024/04/15 07:58:30 path: /_snowpack/pkg/@tanstack/react-query-devtools.js 

2024/04/15 07:58:30 path: /dist/components/contexts/selected-data-context.js 

2024/04/15 07:58:30 path: /dist/components/contexts/review-context.js 

2024/04/15 07:58:30 path: /dist/components/contexts/category-context.js 

2024/04/15 07:58:30 path: /dist/components/contexts/user-context.js 

2024/04/15 07:58:31 path: /dist/App_navlink.js 

2024/04/15 09:09:32 path: /api/category-api/11d6af03-20ac-4f04-a21c-28ec418a2c18 

2024/04/15 09:09:32 path: /api/review-api/11d6af03-20ac-4f04-a21c-28ec418a2c18 

2024/04/15 09:11:31 path: /api/category-api/11d6af03-20ac-4f04-a21c-28ec418a2c18 

2024/04/15 09:13:29 path: /api/category-api/11d6af03-20ac-4f04-a21c-28ec418a2c18 

2024/04/15 09:18:00 path: /api/review-api/addNew 

2024/04/15 09:18:00 path: /api/category-api/11d6af03-20ac-4f04-a21c-28ec418a2c18 

2024/04/15 09:18:01 path: /api/category-api/11d6af03-20ac-4f04-a21c-28ec418a2c18 

2024/04/15 09:18:01 path: /api/review-api/11d6af03-20ac-4f04-a21c-28ec418a2c18 

2024/04/15 09:28:11 path: / 

2024/04/15 09:28:11 path: /favicon.ico 

2024/04/15 09:28:16 path: /login 

2024/04/15 09:28:27 path: /users/login 

2024/04/15 09:28:27 path: /users/app 

2024/04/15 09:30:52 path: / 

2024/04/15 09:30:54 path: /login 

2024/04/15 09:31:24 path: /users/login 

2024/04/15 09:31:24 path: /users/app 

2024/04/15 09:31:24 path: /assets/index-DLeLP7SG.js 

2024/04/15 09:31:24 path: /assets/index-Dnq-n2dP.css 

2024/04/15 09:31:24 path: /favicon.svg 

2024/04/15 09:31:55 path: /api/category-api/11d6af03-20ac-4f04-a21c-28ec418a2c18 

2024/04/15 09:31:55 path: /api/review-api/11d6af03-20ac-4f04-a21c-28ec418a2c18 

2024/04/15 09:36:34 path: /assets/index-Dnq-n2dP.css 

2024/04/15 09:38:43 path: /users/app 

2024/04/15 09:38:43 path: /assets/index-DLeLP7SG.js 

2024/04/15 09:38:43 path: /assets/index-Dnq-n2dP.css 

2024/04/15 09:39:05 path: / 

2024/04/15 09:39:08 path: /login 

2024/04/15 09:39:17 path: /users/login 

2024/04/15 09:39:18 path: /users/app 

2024/04/15 09:39:18 path: /assets/index-DLeLP7SG.js 

2024/04/15 09:39:18 path: /assets/index-Dnq-n2dP.css 

2024/04/15 09:43:20 path: / 

2024/04/15 09:43:22 path: /login 

2024/04/15 09:43:34 path: /users/login 

2024/04/15 09:43:34 path: /users/app 

2024/04/15 09:43:34 path: /assets/index-DLeLP7SG.js 

2024/04/15 09:43:34 path: /assets/index-Dnq-n2dP.css 

2024/04/15 09:45:29 path: / 

2024/04/15 09:45:29 path: /favicon.ico 

2024/04/15 09:45:35 path: /login 

2024/04/15 09:45:45 path: /users/login 

2024/04/15 09:45:45 path: /users/app 

2024/04/15 09:45:45 path: /assets/index-DLeLP7SG.js 

2024/04/15 09:45:45 path: /assets/index-Dnq-n2dP.css 

2024/04/15 09:45:45 path: /favicon.svg 

2024/04/15 09:45:51 path: /assets/index-Dnq-n2dP.css 

2024/04/15 09:51:43 path: /api/category-api/11d6af03-20ac-4f04-a21c-28ec418a2c18 

2024/04/15 09:51:43 path: /api/review-api/11d6af03-20ac-4f04-a21c-28ec418a2c18 

2024/04/15 09:58:25 path: / 

2024/04/15 09:58:28 path: /login 

2024/04/15 09:58:38 path: /users/login 

2024/04/15 09:58:38 path: /users/app 

2024/04/15 09:58:38 path: /assets/index-DLeLP7SG.js 

2024/04/15 09:58:38 path: /assets/index-Dnq-n2dP.css 

2024/04/15 09:58:45 path: /assets/index-Dnq-n2dP.css 

2024/04/15 10:42:21 path: / 

2024/04/15 10:42:23 path: /login 

2024/04/15 10:42:37 path: /users/login 

2024/04/15 10:42:37 path: /users/app 

2024/04/15 10:42:37 path: /assets/index-DLeLP7SG.js 

2024/04/15 10:42:37 path: /assets/index-Dnq-n2dP.css 

2024/04/15 10:44:44 path: /users/app 

2024/04/15 10:44:44 path: /assets/index-DLeLP7SG.js 

2024/04/15 10:44:44 path: /assets/index-Dnq-n2dP.css 

2024/04/15 11:01:39 path: / 

2024/04/15 11:01:50 path: /login 

2024/04/15 11:02:22 path: /users/login 

2024/04/15 11:02:23 path: /users/app 

2024/04/15 11:02:23 path: /assets/index-DLeLP7SG.js 

2024/04/15 11:02:23 path: /assets/index-Dnq-n2dP.css 

2024/04/15 11:03:50 path: / 

2024/04/15 11:03:52 path: /login 

2024/04/15 11:04:15 path: /users/login 

2024/04/15 11:04:15 path: /users/app 

2024/04/15 11:04:15 path: /assets/index-DLeLP7SG.js 

2024/04/15 11:04:15 path: /assets/index-Dnq-n2dP.css 

2024/04/15 11:06:52 path: / 

2024/04/15 11:07:15 path: /login 

2024/04/15 11:07:26 path: /users/login 

2024/04/15 11:07:26 path: /users/app 

2024/04/15 11:07:26 path: /assets/index-DLeLP7SG.js 

2024/04/15 11:07:26 path: /assets/index-Dnq-n2dP.css 

2024/04/15 11:08:01 path: / 

2024/04/15 11:08:27 path: /login 

2024/04/15 11:08:47 path: /users/login 

2024/04/15 11:08:47 path: /users/app 

2024/04/15 11:08:47 path: /assets/index-DLeLP7SG.js 

2024/04/15 11:08:47 path: /assets/index-Dnq-n2dP.css 

2024/04/15 11:10:20 path: / 

2024/04/15 11:10:26 path: /login 

2024/04/15 11:10:37 path: /users/login 

2024/04/15 11:10:37 path: /users/app 

2024/04/15 11:10:37 path: /assets/index-DLeLP7SG.js 

2024/04/15 11:10:37 path: /assets/index-Dnq-n2dP.css 
